SF:lib\repository\repository.dart
DA:10,1
DA:11,3
DA:15,3
DA:17,0
DA:23,1
DA:27,4
DA:28,3
DA:31,1
LF:8
LH:7
end_of_record
SF:lib\models\weather.dart
DA:10,1
DA:11,2
DA:12,2
DA:14,1
DA:15,3
DA:16,1
DA:17,2
LF:7
LH:7
end_of_record
SF:lib\models\astro.dart
DA:9,0
DA:10,0
DA:11,0
DA:12,0
DA:13,0
DA:14,0
DA:15,0
LF:7
LH:0
end_of_record
SF:lib\models\condition.dart
DA:6,0
DA:8,0
DA:9,0
DA:10,0
DA:11,0
LF:5
LH:0
end_of_record
SF:lib\models\current.dart
DA:26,0
DA:28,0
DA:33,1
DA:34,2
DA:35,2
DA:36,2
DA:37,2
DA:38,3
DA:39,2
DA:40,2
DA:41,2
DA:42,2
DA:43,2
DA:44,2
DA:45,2
DA:46,2
DA:47,2
DA:48,2
DA:49,2
DA:50,2
DA:51,2
DA:52,2
DA:53,2
DA:54,2
DA:55,2
DA:56,2
LF:26
LH:24
end_of_record
SF:lib\models\day.dart
DA:24,1
DA:25,2
DA:26,2
DA:27,2
DA:28,2
DA:29,2
DA:30,2
DA:31,2
DA:32,2
DA:33,2
DA:34,2
DA:35,2
DA:36,1
DA:37,0
DA:38,0
DA:39,0
DA:40,0
DA:41,0
DA:42,0
DA:43,0
DA:45,0
LF:21
LH:13
end_of_record
SF:lib\models\forecast.dart
DA:6,1
DA:7,1
DA:8,3
DA:9,2
LF:4
LH:4
end_of_record
SF:lib\models\forecast_day.dart
DA:12,1
DA:13,2
DA:14,2
DA:15,3
DA:16,0
DA:17,0
DA:18,0
DA:19,0
DA:20,0
LF:9
LH:4
end_of_record
SF:lib\models\hour.dart
DA:38,0
DA:39,0
DA:40,0
DA:41,0
DA:42,0
DA:43,0
DA:44,0
DA:45,0
DA:47,0
DA:48,0
DA:49,0
DA:50,0
DA:51,0
DA:52,0
DA:53,0
DA:54,0
DA:55,0
DA:56,0
DA:57,0
DA:58,0
DA:59,0
DA:60,0
DA:61,0
DA:62,0
DA:63,0
DA:64,0
DA:65,0
DA:66,0
DA:67,0
DA:68,0
DA:69,0
DA:70,0
DA:71,0
DA:72,0
DA:73,0
LF:35
LH:0
end_of_record
SF:lib\models\location.dart
DA:2,0
DA:22,1
DA:23,2
DA:24,2
DA:25,2
DA:26,2
DA:27,2
DA:28,2
DA:29,2
DA:30,2
LF:10
LH:9
end_of_record
